<?xml version="1.0" encoding="UTF-8"?>
<testng-results>
  <reporter-output>
  </reporter-output>
  <suite name="croaking Application Test Suite" duration-ms="187" started-at="2013-05-31T15:44:26Z" finished-at="2013-05-31T15:44:27Z">
    <groups>
      <group name="loggedIn">
        <method signature="de.webtech2.croaking.TapestrySecurityIntegrationTest.testAuthcFilterAccess()" name="testAuthcFilterAccess" class="de.webtech2.croaking.TapestrySecurityIntegrationTest"/>
        <method signature="de.webtech2.croaking.TapestrySecurityIntegrationTest.testAuthenticatedComponentLoggedIn()" name="testAuthenticatedComponentLoggedIn" class="de.webtech2.croaking.TapestrySecurityIntegrationTest"/>
        <method signature="de.webtech2.croaking.TapestrySecurityIntegrationTest.testComponentMethodInterceptorRequiresPermissionsILACSuccess()" name="testComponentMethodInterceptorRequiresPermissionsILACSuccess" class="de.webtech2.croaking.TapestrySecurityIntegrationTest"/>
        <method signature="de.webtech2.croaking.TapestrySecurityIntegrationTest.testComponentMethodInterceptorRequiresPermissionsILACUnauthorized()" name="testComponentMethodInterceptorRequiresPermissionsILACUnauthorized" class="de.webtech2.croaking.TapestrySecurityIntegrationTest"/>
        <method signature="de.webtech2.croaking.TapestrySecurityIntegrationTest.testContributedFilterChainDefinition()" name="testContributedFilterChainDefinition" class="de.webtech2.croaking.TapestrySecurityIntegrationTest"/>
        <method signature="de.webtech2.croaking.TapestrySecurityIntegrationTest.testGuestComponentLoggedIn()" name="testGuestComponentLoggedIn" class="de.webtech2.croaking.TapestrySecurityIntegrationTest"/>
        <method signature="de.webtech2.croaking.TapestrySecurityIntegrationTest.testHasAllPermissionsComponentFailed()" name="testHasAllPermissionsComponentFailed" class="de.webtech2.croaking.TapestrySecurityIntegrationTest"/>
        <method signature="de.webtech2.croaking.TapestrySecurityIntegrationTest.testHasAllPermissionsComponentSuccess()" name="testHasAllPermissionsComponentSuccess" class="de.webtech2.croaking.TapestrySecurityIntegrationTest"/>
        <method signature="de.webtech2.croaking.TapestrySecurityIntegrationTest.testHasAllRolesComponentFailed()" name="testHasAllRolesComponentFailed" class="de.webtech2.croaking.TapestrySecurityIntegrationTest"/>
        <method signature="de.webtech2.croaking.TapestrySecurityIntegrationTest.testHasAllRolesComponentFailedAlternateDivisor()" name="testHasAllRolesComponentFailedAlternateDivisor" class="de.webtech2.croaking.TapestrySecurityIntegrationTest"/>
        <method signature="de.webtech2.croaking.TapestrySecurityIntegrationTest.testHasAllRolesComponentSuccess()" name="testHasAllRolesComponentSuccess" class="de.webtech2.croaking.TapestrySecurityIntegrationTest"/>
        <method signature="de.webtech2.croaking.TapestrySecurityIntegrationTest.testHasAllRolesComponentSuccessAlternateDivisor()" name="testHasAllRolesComponentSuccessAlternateDivisor" class="de.webtech2.croaking.TapestrySecurityIntegrationTest"/>
        <method signature="de.webtech2.croaking.TapestrySecurityIntegrationTest.testHasAnyPermissionsComponentFailed()" name="testHasAnyPermissionsComponentFailed" class="de.webtech2.croaking.TapestrySecurityIntegrationTest"/>
        <method signature="de.webtech2.croaking.TapestrySecurityIntegrationTest.testHasAnyPermissionsComponentSuccess()" name="testHasAnyPermissionsComponentSuccess" class="de.webtech2.croaking.TapestrySecurityIntegrationTest"/>
        <method signature="de.webtech2.croaking.TapestrySecurityIntegrationTest.testHasAnyRoleComponentFailedAlternateDivisor()" name="testHasAnyRoleComponentFailedAlternateDivisor" class="de.webtech2.croaking.TapestrySecurityIntegrationTest"/>
        <method signature="de.webtech2.croaking.TapestrySecurityIntegrationTest.testHasAnyRolesComponentFailed()" name="testHasAnyRolesComponentFailed" class="de.webtech2.croaking.TapestrySecurityIntegrationTest"/>
        <method signature="de.webtech2.croaking.TapestrySecurityIntegrationTest.testHasAnyRolesComponentSuccess()" name="testHasAnyRolesComponentSuccess" class="de.webtech2.croaking.TapestrySecurityIntegrationTest"/>
        <method signature="de.webtech2.croaking.TapestrySecurityIntegrationTest.testHasAnyRolesComponentSuccessAlternateDivisor()" name="testHasAnyRolesComponentSuccessAlternateDivisor" class="de.webtech2.croaking.TapestrySecurityIntegrationTest"/>
        <method signature="de.webtech2.croaking.TapestrySecurityIntegrationTest.testHasPermissionComponentFailed()" name="testHasPermissionComponentFailed" class="de.webtech2.croaking.TapestrySecurityIntegrationTest"/>
        <method signature="de.webtech2.croaking.TapestrySecurityIntegrationTest.testHasPermissionComponentSuccess()" name="testHasPermissionComponentSuccess" class="de.webtech2.croaking.TapestrySecurityIntegrationTest"/>
        <method signature="de.webtech2.croaking.TapestrySecurityIntegrationTest.testHasRoleComponentFailed()" name="testHasRoleComponentFailed" class="de.webtech2.croaking.TapestrySecurityIntegrationTest"/>
        <method signature="de.webtech2.croaking.TapestrySecurityIntegrationTest.testHasRoleComponentSuccess()" name="testHasRoleComponentSuccess" class="de.webtech2.croaking.TapestrySecurityIntegrationTest"/>
        <method signature="de.webtech2.croaking.TapestrySecurityIntegrationTest.testIfGrantedAllPermissionsComponentFailed()" name="testIfGrantedAllPermissionsComponentFailed" class="de.webtech2.croaking.TapestrySecurityIntegrationTest"/>
        <method signature="de.webtech2.croaking.TapestrySecurityIntegrationTest.testIfGrantedAllPermissionsComponentSuccess()" name="testIfGrantedAllPermissionsComponentSuccess" class="de.webtech2.croaking.TapestrySecurityIntegrationTest"/>
        <method signature="de.webtech2.croaking.TapestrySecurityIntegrationTest.testIfGrantedAllRolesComponentFailed()" name="testIfGrantedAllRolesComponentFailed" class="de.webtech2.croaking.TapestrySecurityIntegrationTest"/>
        <method signature="de.webtech2.croaking.TapestrySecurityIntegrationTest.testIfGrantedAllRolesComponentFailedAlternateDivisor()" name="testIfGrantedAllRolesComponentFailedAlternateDivisor" class="de.webtech2.croaking.TapestrySecurityIntegrationTest"/>
        <method signature="de.webtech2.croaking.TapestrySecurityIntegrationTest.testIfGrantedAllRolesComponentSuccess()" name="testIfGrantedAllRolesComponentSuccess" class="de.webtech2.croaking.TapestrySecurityIntegrationTest"/>
        <method signature="de.webtech2.croaking.TapestrySecurityIntegrationTest.testIfGrantedAllRolesComponentSuccessAlternateDivisor()" name="testIfGrantedAllRolesComponentSuccessAlternateDivisor" class="de.webtech2.croaking.TapestrySecurityIntegrationTest"/>
        <method signature="de.webtech2.croaking.TapestrySecurityIntegrationTest.testIfGrantedAnyPermissionsComponentFailed()" name="testIfGrantedAnyPermissionsComponentFailed" class="de.webtech2.croaking.TapestrySecurityIntegrationTest"/>
        <method signature="de.webtech2.croaking.TapestrySecurityIntegrationTest.testIfGrantedAnyPermissionsComponentSuccess()" name="testIfGrantedAnyPermissionsComponentSuccess" class="de.webtech2.croaking.TapestrySecurityIntegrationTest"/>
        <method signature="de.webtech2.croaking.TapestrySecurityIntegrationTest.testIfGrantedAnyRoleComponentFailedAlternateDivisor()" name="testIfGrantedAnyRoleComponentFailedAlternateDivisor" class="de.webtech2.croaking.TapestrySecurityIntegrationTest"/>
        <method signature="de.webtech2.croaking.TapestrySecurityIntegrationTest.testIfGrantedAnyRolesComponentFailed()" name="testIfGrantedAnyRolesComponentFailed" class="de.webtech2.croaking.TapestrySecurityIntegrationTest"/>
        <method signature="de.webtech2.croaking.TapestrySecurityIntegrationTest.testIfGrantedAnyRolesComponentSuccess()" name="testIfGrantedAnyRolesComponentSuccess" class="de.webtech2.croaking.TapestrySecurityIntegrationTest"/>
        <method signature="de.webtech2.croaking.TapestrySecurityIntegrationTest.testIfGrantedAnyRolesComponentSuccessAlternateDivisor()" name="testIfGrantedAnyRolesComponentSuccessAlternateDivisor" class="de.webtech2.croaking.TapestrySecurityIntegrationTest"/>
        <method signature="de.webtech2.croaking.TapestrySecurityIntegrationTest.testInterceptComponentClassAccess()" name="testInterceptComponentClassAccess" class="de.webtech2.croaking.TapestrySecurityIntegrationTest"/>
        <method signature="de.webtech2.croaking.TapestrySecurityIntegrationTest.testInterceptComponentMethodAccess()" name="testInterceptComponentMethodAccess" class="de.webtech2.croaking.TapestrySecurityIntegrationTest"/>
        <method signature="de.webtech2.croaking.TapestrySecurityIntegrationTest.testInterceptServiceClassAccess()" name="testInterceptServiceClassAccess" class="de.webtech2.croaking.TapestrySecurityIntegrationTest"/>
        <method signature="de.webtech2.croaking.TapestrySecurityIntegrationTest.testInterceptServiceMethodAccess()" name="testInterceptServiceMethodAccess" class="de.webtech2.croaking.TapestrySecurityIntegrationTest"/>
        <method signature="de.webtech2.croaking.TapestrySecurityIntegrationTest.testNotAuthenticatedComponentLoggedIn()" name="testNotAuthenticatedComponentLoggedIn" class="de.webtech2.croaking.TapestrySecurityIntegrationTest"/>
        <method signature="de.webtech2.croaking.TapestrySecurityIntegrationTest.testPermsFilterAccess()" name="testPermsFilterAccess" class="de.webtech2.croaking.TapestrySecurityIntegrationTest"/>
        <method signature="de.webtech2.croaking.TapestrySecurityIntegrationTest.testPermsFilterDeny()" name="testPermsFilterDeny" class="de.webtech2.croaking.TapestrySecurityIntegrationTest"/>
        <method signature="de.webtech2.croaking.TapestrySecurityIntegrationTest.testPermsRequiresPermissionsILACEditOnPageClass()" name="testPermsRequiresPermissionsILACEditOnPageClass" class="de.webtech2.croaking.TapestrySecurityIntegrationTest"/>
        <method signature="de.webtech2.croaking.TapestrySecurityIntegrationTest.testPermsRequiresPermissionsILACViewOnPageClass()" name="testPermsRequiresPermissionsILACViewOnPageClass" class="de.webtech2.croaking.TapestrySecurityIntegrationTest"/>
        <method signature="de.webtech2.croaking.TapestrySecurityIntegrationTest.testRequiresAuthenticationAccess()" name="testRequiresAuthenticationAccess" class="de.webtech2.croaking.TapestrySecurityIntegrationTest"/>
        <method signature="de.webtech2.croaking.TapestrySecurityIntegrationTest.testRequiresGuestDeny()" name="testRequiresGuestDeny" class="de.webtech2.croaking.TapestrySecurityIntegrationTest"/>
        <method signature="de.webtech2.croaking.TapestrySecurityIntegrationTest.testRequiresPermissionAccess()" name="testRequiresPermissionAccess" class="de.webtech2.croaking.TapestrySecurityIntegrationTest"/>
        <method signature="de.webtech2.croaking.TapestrySecurityIntegrationTest.testRequiresPermissionDeny()" name="testRequiresPermissionDeny" class="de.webtech2.croaking.TapestrySecurityIntegrationTest"/>
        <method signature="de.webtech2.croaking.TapestrySecurityIntegrationTest.testRequiresPermissionILACSuccessWithArgument()" name="testRequiresPermissionILACSuccessWithArgument" class="de.webtech2.croaking.TapestrySecurityIntegrationTest"/>
        <method signature="de.webtech2.croaking.TapestrySecurityIntegrationTest.testRequiresPermissionILACSuccessWithoutArguments()" name="testRequiresPermissionILACSuccessWithoutArguments" class="de.webtech2.croaking.TapestrySecurityIntegrationTest"/>
        <method signature="de.webtech2.croaking.TapestrySecurityIntegrationTest.testRequiresPermissionILACUnauthorizedWithArgument()" name="testRequiresPermissionILACUnauthorizedWithArgument" class="de.webtech2.croaking.TapestrySecurityIntegrationTest"/>
        <method signature="de.webtech2.croaking.TapestrySecurityIntegrationTest.testRequiresRoleAccess()" name="testRequiresRoleAccess" class="de.webtech2.croaking.TapestrySecurityIntegrationTest"/>
        <method signature="de.webtech2.croaking.TapestrySecurityIntegrationTest.testRequiresRoleDeny()" name="testRequiresRoleDeny" class="de.webtech2.croaking.TapestrySecurityIntegrationTest"/>
        <method signature="de.webtech2.croaking.TapestrySecurityIntegrationTest.testRequiresUserAccess()" name="testRequiresUserAccess" class="de.webtech2.croaking.TapestrySecurityIntegrationTest"/>
        <method signature="de.webtech2.croaking.TapestrySecurityIntegrationTest.testRolesFilterAccess()" name="testRolesFilterAccess" class="de.webtech2.croaking.TapestrySecurityIntegrationTest"/>
        <method signature="de.webtech2.croaking.TapestrySecurityIntegrationTest.testRolesFilterDeny()" name="testRolesFilterDeny" class="de.webtech2.croaking.TapestrySecurityIntegrationTest"/>
        <method signature="de.webtech2.croaking.TapestrySecurityIntegrationTest.testServletDecoration()" name="testServletDecoration" class="de.webtech2.croaking.TapestrySecurityIntegrationTest"/>
        <method signature="de.webtech2.croaking.TapestrySecurityIntegrationTest.testUserComponentLoggedIn()" name="testUserComponentLoggedIn" class="de.webtech2.croaking.TapestrySecurityIntegrationTest"/>
        <method signature="de.webtech2.croaking.TapestrySecurityIntegrationTest.testUserFilterAccess()" name="testUserFilterAccess" class="de.webtech2.croaking.TapestrySecurityIntegrationTest"/>
      </group>
      <group name="notLoggedIn">
        <method signature="de.webtech2.croaking.TapestrySecurityIntegrationTest.testAnonFilterAccess()" name="testAnonFilterAccess" class="de.webtech2.croaking.TapestrySecurityIntegrationTest"/>
        <method signature="de.webtech2.croaking.TapestrySecurityIntegrationTest.testAuthcFilterDeny()" name="testAuthcFilterDeny" class="de.webtech2.croaking.TapestrySecurityIntegrationTest"/>
        <method signature="de.webtech2.croaking.TapestrySecurityIntegrationTest.testAuthenticatedComponentNotLoggedIn()" name="testAuthenticatedComponentNotLoggedIn" class="de.webtech2.croaking.TapestrySecurityIntegrationTest"/>
        <method signature="de.webtech2.croaking.TapestrySecurityIntegrationTest.testContributedFilterChainDefinitionNotLoggedIn()" name="testContributedFilterChainDefinitionNotLoggedIn" class="de.webtech2.croaking.TapestrySecurityIntegrationTest"/>
        <method signature="de.webtech2.croaking.TapestrySecurityIntegrationTest.testGuestComponentNotLoggedIn()" name="testGuestComponentNotLoggedIn" class="de.webtech2.croaking.TapestrySecurityIntegrationTest"/>
        <method signature="de.webtech2.croaking.TapestrySecurityIntegrationTest.testInterceptComponentClassDeny()" name="testInterceptComponentClassDeny" class="de.webtech2.croaking.TapestrySecurityIntegrationTest"/>
        <method signature="de.webtech2.croaking.TapestrySecurityIntegrationTest.testInterceptComponentMethodDeny()" name="testInterceptComponentMethodDeny" class="de.webtech2.croaking.TapestrySecurityIntegrationTest"/>
        <method signature="de.webtech2.croaking.TapestrySecurityIntegrationTest.testInterceptComponentMethodWithAjaxDeny()" name="testInterceptComponentMethodWithAjaxDeny" class="de.webtech2.croaking.TapestrySecurityIntegrationTest"/>
        <method signature="de.webtech2.croaking.TapestrySecurityIntegrationTest.testInterceptServiceClassDeny()" name="testInterceptServiceClassDeny" class="de.webtech2.croaking.TapestrySecurityIntegrationTest"/>
        <method signature="de.webtech2.croaking.TapestrySecurityIntegrationTest.testInterceptServiceMethodDeny()" name="testInterceptServiceMethodDeny" class="de.webtech2.croaking.TapestrySecurityIntegrationTest"/>
        <method signature="de.webtech2.croaking.TapestrySecurityIntegrationTest.testLocalizedUserFilterDeny()" name="testLocalizedUserFilterDeny" class="de.webtech2.croaking.TapestrySecurityIntegrationTest"/>
        <method signature="de.webtech2.croaking.TapestrySecurityIntegrationTest.testNoContextPathHandling()" name="testNoContextPathHandling" class="de.webtech2.croaking.TapestrySecurityIntegrationTest"/>
        <method signature="de.webtech2.croaking.TapestrySecurityIntegrationTest.testNotAuthenticatedComponentNotLoggedIn()" name="testNotAuthenticatedComponentNotLoggedIn" class="de.webtech2.croaking.TapestrySecurityIntegrationTest"/>
        <method signature="de.webtech2.croaking.TapestrySecurityIntegrationTest.testNotFoundRule()" name="testNotFoundRule" class="de.webtech2.croaking.TapestrySecurityIntegrationTest"/>
        <method signature="de.webtech2.croaking.TapestrySecurityIntegrationTest.testRequiresAuthenticationDeny()" name="testRequiresAuthenticationDeny" class="de.webtech2.croaking.TapestrySecurityIntegrationTest"/>
        <method signature="de.webtech2.croaking.TapestrySecurityIntegrationTest.testRequiresGuestAccess()" name="testRequiresGuestAccess" class="de.webtech2.croaking.TapestrySecurityIntegrationTest"/>
        <method signature="de.webtech2.croaking.TapestrySecurityIntegrationTest.testRequiresRole()" name="testRequiresRole" class="de.webtech2.croaking.TapestrySecurityIntegrationTest"/>
        <method signature="de.webtech2.croaking.TapestrySecurityIntegrationTest.testRequiresUserDeny()" name="testRequiresUserDeny" class="de.webtech2.croaking.TapestrySecurityIntegrationTest"/>
        <method signature="de.webtech2.croaking.TapestrySecurityIntegrationTest.testUserComponentNotLoggedIn()" name="testUserComponentNotLoggedIn" class="de.webtech2.croaking.TapestrySecurityIntegrationTest"/>
        <method signature="de.webtech2.croaking.TapestrySecurityIntegrationTest.testUserFilterDeny()" name="testUserFilterDeny" class="de.webtech2.croaking.TapestrySecurityIntegrationTest"/>
        <method signature="de.webtech2.croaking.TapestrySecurityIntegrationTest.testUserFilterWithAjaxDeny()" name="testUserFilterWithAjaxDeny" class="de.webtech2.croaking.TapestrySecurityIntegrationTest"/>
      </group>
    </groups>
    <test name="Unit Tests" duration-ms="187" started-at="2013-05-31T15:44:26Z" finished-at="2013-05-31T15:44:27Z">
      <class name="de.webtech2.croaking.SecurityFilterChainUnitTest">
        <test-method status="PASS" signature="setUp()" name="setUp" is-config="true" duration-ms="32" started-at="2013-05-31T15:44:26Z" finished-at="2013-05-31T15:44:27Z">
        </test-method>
        <test-method status="PASS" signature="builderAddSameFilterWithoutAnyConfig()" name="builderAddSameFilterWithoutAnyConfig" duration-ms="8" started-at="2013-05-31T15:44:27Z" finished-at="2013-05-31T15:44:27Z">
        </test-method>
        <test-method status="PASS" signature="builderAddSameFilterWithDifferentConfig()" name="builderAddSameFilterWithDifferentConfig" duration-ms="2" started-at="2013-05-31T15:44:27Z" finished-at="2013-05-31T15:44:27Z">
          <exception class="java.lang.IllegalArgumentException">
            <message>
              <![CDATA[Configuration is already add for this filter, existing config is [Ljava.lang.String;@64b49aaa. Use setConfig if you want to override the existing configuration]]>
            </message>
            <full-stacktrace>
              <![CDATA[java.lang.IllegalArgumentException: Configuration is already add for this filter, existing config is [Ljava.lang.String;@64b49aaa. Use setConfig if you want to override the existing configuration
	at org.tynamo.security.shiro.AccessControlFilter.addConfig(AccessControlFilter.java:78)
	at org.tynamo.security.services.impl.SecurityFilterChain$Builder.add(SecurityFilterChain.java:82)
	at de.webtech2.croaking.SecurityFilterChainUnitTest.builderAddSameFilterWithDifferentConfig(SecurityFilterChainUnitTest.java:30)
	at sun.reflect.NativeMethodAccessorImpl.invoke0(Native Method)
	at sun.reflect.NativeMethodAccessorImpl.invoke(NativeMethodAccessorImpl.java:57)
	at sun.reflect.DelegatingMethodAccessorImpl.invoke(DelegatingMethodAccessorImpl.java:43)
	at java.lang.reflect.Method.invoke(Method.java:601)
	at org.testng.internal.MethodInvocationHelper.invokeMethod(MethodInvocationHelper.java:74)
	at org.testng.internal.Invoker.invokeMethod(Invoker.java:673)
	at org.testng.internal.Invoker.invokeTestMethod(Invoker.java:846)
	at org.testng.internal.Invoker.invokeTestMethods(Invoker.java:1170)
	at org.testng.internal.TestMethodWorker.invokeTestMethods(TestMethodWorker.java:125)
	at org.testng.internal.TestMethodWorker.run(TestMethodWorker.java:109)
	at org.testng.TestRunner.runWorkers(TestRunner.java:1147)
	at org.testng.TestRunner.privateRun(TestRunner.java:749)
	at org.testng.TestRunner.run(TestRunner.java:600)
	at org.testng.SuiteRunner.runTest(SuiteRunner.java:317)
	at org.testng.SuiteRunner.runSequentially(SuiteRunner.java:312)
	at org.testng.SuiteRunner.privateRun(SuiteRunner.java:274)
	at org.testng.SuiteRunner.run(SuiteRunner.java:223)
	at org.testng.SuiteRunnerWorker.runSuite(SuiteRunnerWorker.java:52)
	at org.testng.SuiteRunnerWorker.run(SuiteRunnerWorker.java:86)
	at org.testng.TestNG.runSuitesSequentially(TestNG.java:1039)
	at org.testng.TestNG.runSuitesLocally(TestNG.java:964)
	at org.testng.TestNG.run(TestNG.java:900)
	at org.apache.maven.surefire.testng.TestNGExecutor.run(TestNGExecutor.java:122)
	at org.apache.maven.surefire.testng.TestNGXmlTestSuite.execute(TestNGXmlTestSuite.java:92)
	at org.apache.maven.surefire.testng.TestNGProvider.invoke(TestNGProvider.java:101)
	at sun.reflect.NativeMethodAccessorImpl.invoke0(Native Method)
	at sun.reflect.NativeMethodAccessorImpl.invoke(NativeMethodAccessorImpl.java:57)
	at sun.reflect.DelegatingMethodAccessorImpl.invoke(DelegatingMethodAccessorImpl.java:43)
	at java.lang.reflect.Method.invoke(Method.java:601)
	at org.apache.maven.surefire.util.ReflectionUtils.invokeMethodWithArray(ReflectionUtils.java:164)
	at org.apache.maven.surefire.booter.ProviderFactory$ProviderProxy.invoke(ProviderFactory.java:110)
	at org.apache.maven.surefire.booter.SurefireStarter.invokeProvider(SurefireStarter.java:175)
	at org.apache.maven.surefire.booter.SurefireStarter.runSuitesInProcessWhenForked(SurefireStarter.java:107)
	at org.apache.maven.surefire.booter.ForkedBooter.main(ForkedBooter.java:68)
]]>
            </full-stacktrace>
          </exception>
        </test-method>
        <test-method status="PASS" signature="builderAddSameFilterFirstWithoutConfig()" name="builderAddSameFilterFirstWithoutConfig" duration-ms="0" started-at="2013-05-31T15:44:27Z" finished-at="2013-05-31T15:44:27Z">
          <exception class="java.lang.IllegalArgumentException">
            <message>
              <![CDATA[Configuration is already add for this filter, existing config is [Ljava.lang.String;@306b3db1. Use setConfig if you want to override the existing configuration]]>
            </message>
            <full-stacktrace>
              <![CDATA[java.lang.IllegalArgumentException: Configuration is already add for this filter, existing config is [Ljava.lang.String;@306b3db1. Use setConfig if you want to override the existing configuration
	at org.tynamo.security.shiro.AccessControlFilter.addConfig(AccessControlFilter.java:78)
	at org.tynamo.security.services.impl.SecurityFilterChain$Builder.add(SecurityFilterChain.java:82)
	at de.webtech2.croaking.SecurityFilterChainUnitTest.builderAddSameFilterFirstWithoutConfig(SecurityFilterChainUnitTest.java:21)
	at sun.reflect.NativeMethodAccessorImpl.invoke0(Native Method)
	at sun.reflect.NativeMethodAccessorImpl.invoke(NativeMethodAccessorImpl.java:57)
	at sun.reflect.DelegatingMethodAccessorImpl.invoke(DelegatingMethodAccessorImpl.java:43)
	at java.lang.reflect.Method.invoke(Method.java:601)
	at org.testng.internal.MethodInvocationHelper.invokeMethod(MethodInvocationHelper.java:74)
	at org.testng.internal.Invoker.invokeMethod(Invoker.java:673)
	at org.testng.internal.Invoker.invokeTestMethod(Invoker.java:846)
	at org.testng.internal.Invoker.invokeTestMethods(Invoker.java:1170)
	at org.testng.internal.TestMethodWorker.invokeTestMethods(TestMethodWorker.java:125)
	at org.testng.internal.TestMethodWorker.run(TestMethodWorker.java:109)
	at org.testng.TestRunner.runWorkers(TestRunner.java:1147)
	at org.testng.TestRunner.privateRun(TestRunner.java:749)
	at org.testng.TestRunner.run(TestRunner.java:600)
	at org.testng.SuiteRunner.runTest(SuiteRunner.java:317)
	at org.testng.SuiteRunner.runSequentially(SuiteRunner.java:312)
	at org.testng.SuiteRunner.privateRun(SuiteRunner.java:274)
	at org.testng.SuiteRunner.run(SuiteRunner.java:223)
	at org.testng.SuiteRunnerWorker.runSuite(SuiteRunnerWorker.java:52)
	at org.testng.SuiteRunnerWorker.run(SuiteRunnerWorker.java:86)
	at org.testng.TestNG.runSuitesSequentially(TestNG.java:1039)
	at org.testng.TestNG.runSuitesLocally(TestNG.java:964)
	at org.testng.TestNG.run(TestNG.java:900)
	at org.apache.maven.surefire.testng.TestNGExecutor.run(TestNGExecutor.java:122)
	at org.apache.maven.surefire.testng.TestNGXmlTestSuite.execute(TestNGXmlTestSuite.java:92)
	at org.apache.maven.surefire.testng.TestNGProvider.invoke(TestNGProvider.java:101)
	at sun.reflect.NativeMethodAccessorImpl.invoke0(Native Method)
	at sun.reflect.NativeMethodAccessorImpl.invoke(NativeMethodAccessorImpl.java:57)
	at sun.reflect.DelegatingMethodAccessorImpl.invoke(DelegatingMethodAccessorImpl.java:43)
	at java.lang.reflect.Method.invoke(Method.java:601)
	at org.apache.maven.surefire.util.ReflectionUtils.invokeMethodWithArray(ReflectionUtils.java:164)
	at org.apache.maven.surefire.booter.ProviderFactory$ProviderProxy.invoke(ProviderFactory.java:110)
	at org.apache.maven.surefire.booter.SurefireStarter.invokeProvider(SurefireStarter.java:175)
	at org.apache.maven.surefire.booter.SurefireStarter.runSuitesInProcessWhenForked(SurefireStarter.java:107)
	at org.apache.maven.surefire.booter.ForkedBooter.main(ForkedBooter.java:68)
]]>
            </full-stacktrace>
          </exception>
        </test-method>
      </class>
      <class name="de.webtech2.croaking.TapestrySecurityIntegrationTest">
        <test-method status="FAIL" signature="startContainer()" name="startContainer" is-config="true" duration-ms="0" started-at="2013-05-31T15:44:27Z" finished-at="2013-05-31T15:44:27Z">
          <exception class="java.lang.RuntimeException">
            <message>
              <![CDATA[Couldn't find an available port to run the functional test server]]>
            </message>
            <full-stacktrace>
              <![CDATA[java.lang.RuntimeException: Couldn't find an available port to run the functional test server
	at org.tynamo.test.AbstractContainerTest.startContainer(AbstractContainerTest.java:88)
	at sun.reflect.NativeMethodAccessorImpl.invoke0(Native Method)
	at sun.reflect.NativeMethodAccessorImpl.invoke(NativeMethodAccessorImpl.java:57)
	at sun.reflect.DelegatingMethodAccessorImpl.invoke(DelegatingMethodAccessorImpl.java:43)
	at java.lang.reflect.Method.invoke(Method.java:601)
	at org.testng.internal.MethodInvocationHelper.invokeMethod(MethodInvocationHelper.java:74)
	at org.testng.internal.Invoker.invokeConfigurationMethod(Invoker.java:525)
	at org.testng.internal.Invoker.invokeConfigurations(Invoker.java:202)
	at org.testng.internal.Invoker.invokeConfigurations(Invoker.java:130)
	at org.testng.internal.TestMethodWorker.invokeBeforeClassMethods(TestMethodWorker.java:173)
	at org.testng.internal.TestMethodWorker.run(TestMethodWorker.java:105)
	at org.testng.TestRunner.runWorkers(TestRunner.java:1147)
	at org.testng.TestRunner.privateRun(TestRunner.java:749)
	at org.testng.TestRunner.run(TestRunner.java:600)
	at org.testng.SuiteRunner.runTest(SuiteRunner.java:317)
	at org.testng.SuiteRunner.runSequentially(SuiteRunner.java:312)
	at org.testng.SuiteRunner.privateRun(SuiteRunner.java:274)
	at org.testng.SuiteRunner.run(SuiteRunner.java:223)
	at org.testng.SuiteRunnerWorker.runSuite(SuiteRunnerWorker.java:52)
	at org.testng.SuiteRunnerWorker.run(SuiteRunnerWorker.java:86)
	at org.testng.TestNG.runSuitesSequentially(TestNG.java:1039)
	at org.testng.TestNG.runSuitesLocally(TestNG.java:964)
	at org.testng.TestNG.run(TestNG.java:900)
	at org.apache.maven.surefire.testng.TestNGExecutor.run(TestNGExecutor.java:122)
	at org.apache.maven.surefire.testng.TestNGXmlTestSuite.execute(TestNGXmlTestSuite.java:92)
	at org.apache.maven.surefire.testng.TestNGProvider.invoke(TestNGProvider.java:101)
	at sun.reflect.NativeMethodAccessorImpl.invoke0(Native Method)
	at sun.reflect.NativeMethodAccessorImpl.invoke(NativeMethodAccessorImpl.java:57)
	at sun.reflect.DelegatingMethodAccessorImpl.invoke(DelegatingMethodAccessorImpl.java:43)
	at java.lang.reflect.Method.invoke(Method.java:601)
	at org.apache.maven.surefire.util.ReflectionUtils.invokeMethodWithArray(ReflectionUtils.java:164)
	at org.apache.maven.surefire.booter.ProviderFactory$ProviderProxy.invoke(ProviderFactory.java:110)
	at org.apache.maven.surefire.booter.SurefireStarter.invokeProvider(SurefireStarter.java:175)
	at org.apache.maven.surefire.booter.SurefireStarter.runSuitesInProcessWhenForked(SurefireStarter.java:107)
	at org.apache.maven.surefire.booter.ForkedBooter.main(ForkedBooter.java:68)
Caused by: java.net.ConnectException: Verbindungsaufbau abgelehnt
	at java.net.PlainSocketImpl.socketConnect(Native Method)
	at java.net.AbstractPlainSocketImpl.doConnect(AbstractPlainSocketImpl.java:339)
	at java.net.AbstractPlainSocketImpl.connectToAddress(AbstractPlainSocketImpl.java:200)
	at java.net.AbstractPlainSocketImpl.connect(AbstractPlainSocketImpl.java:182)
	at java.net.SocksSocketImpl.connect(SocksSocketImpl.java:391)
	at java.net.Socket.connect(Socket.java:579)
	at java.net.Socket.connect(Socket.java:528)
	at java.net.Socket.<init>(Socket.java:425)
	at java.net.Socket.<init>(Socket.java:208)
	at org.tynamo.test.AbstractContainerTest.startContainer(AbstractContainerTest.java:80)
	... 34 more
]]>
            </full-stacktrace>
          </exception>
        </test-method>
        <test-method status="SKIP" signature="configureWebClient()" name="configureWebClient" is-config="true" duration-ms="0" started-at="2013-05-31T15:44:27Z" finished-at="2013-05-31T15:44:27Z">
        </test-method>
        <test-method status="SKIP" signature="testAnonFilterAccess()" name="testAnonFilterAccess" duration-ms="1" started-at="2013-05-31T15:44:27Z" finished-at="2013-05-31T15:44:27Z">
        </test-method>
        <test-method status="SKIP" signature="checkLoggedIn()" name="checkLoggedIn" is-config="true" duration-ms="0" started-at="2013-05-31T15:44:27Z" finished-at="2013-05-31T15:44:27Z">
        </test-method>
        <test-method status="SKIP" signature="testAuthenticatedComponentNotLoggedIn()" name="testAuthenticatedComponentNotLoggedIn" duration-ms="0" started-at="2013-05-31T15:44:27Z" finished-at="2013-05-31T15:44:27Z">
        </test-method>
        <test-method status="SKIP" signature="testAuthcFilterDeny()" name="testAuthcFilterDeny" duration-ms="0" started-at="2013-05-31T15:44:27Z" finished-at="2013-05-31T15:44:27Z">
        </test-method>
        <test-method status="SKIP" signature="testGuestComponentNotLoggedIn()" name="testGuestComponentNotLoggedIn" duration-ms="0" started-at="2013-05-31T15:44:27Z" finished-at="2013-05-31T15:44:27Z">
        </test-method>
        <test-method status="SKIP" signature="testContributedFilterChainDefinitionNotLoggedIn()" name="testContributedFilterChainDefinitionNotLoggedIn" duration-ms="0" started-at="2013-05-31T15:44:27Z" finished-at="2013-05-31T15:44:27Z">
        </test-method>
        <test-method status="SKIP" signature="testInterceptComponentClassDeny()" name="testInterceptComponentClassDeny" duration-ms="0" started-at="2013-05-31T15:44:27Z" finished-at="2013-05-31T15:44:27Z">
        </test-method>
        <test-method status="SKIP" signature="testInterceptComponentMethodWithAjaxDeny()" name="testInterceptComponentMethodWithAjaxDeny" duration-ms="1" started-at="2013-05-31T15:44:27Z" finished-at="2013-05-31T15:44:27Z">
        </test-method>
        <test-method status="SKIP" signature="testInterceptComponentMethodDeny()" name="testInterceptComponentMethodDeny" duration-ms="0" started-at="2013-05-31T15:44:27Z" finished-at="2013-05-31T15:44:27Z">
        </test-method>
        <test-method status="SKIP" signature="testInterceptServiceClassDeny()" name="testInterceptServiceClassDeny" duration-ms="0" started-at="2013-05-31T15:44:27Z" finished-at="2013-05-31T15:44:27Z">
        </test-method>
        <test-method status="SKIP" signature="testInterceptServiceMethodDeny()" name="testInterceptServiceMethodDeny" duration-ms="0" started-at="2013-05-31T15:44:27Z" finished-at="2013-05-31T15:44:27Z">
        </test-method>
        <test-method status="SKIP" signature="testLocalizedUserFilterDeny()" name="testLocalizedUserFilterDeny" duration-ms="0" started-at="2013-05-31T15:44:27Z" finished-at="2013-05-31T15:44:27Z">
        </test-method>
        <test-method status="SKIP" signature="testNoContextPathHandling()" name="testNoContextPathHandling" duration-ms="0" started-at="2013-05-31T15:44:27Z" finished-at="2013-05-31T15:44:27Z">
        </test-method>
        <test-method status="SKIP" signature="testNotAuthenticatedComponentNotLoggedIn()" name="testNotAuthenticatedComponentNotLoggedIn" duration-ms="0" started-at="2013-05-31T15:44:27Z" finished-at="2013-05-31T15:44:27Z">
        </test-method>
        <test-method status="SKIP" signature="testNotFoundRule()" name="testNotFoundRule" duration-ms="0" started-at="2013-05-31T15:44:27Z" finished-at="2013-05-31T15:44:27Z">
        </test-method>
        <test-method status="SKIP" signature="testRequiresAuthenticationDeny()" name="testRequiresAuthenticationDeny" duration-ms="1" started-at="2013-05-31T15:44:27Z" finished-at="2013-05-31T15:44:27Z">
        </test-method>
        <test-method status="SKIP" signature="testRequiresGuestAccess()" name="testRequiresGuestAccess" duration-ms="0" started-at="2013-05-31T15:44:27Z" finished-at="2013-05-31T15:44:27Z">
        </test-method>
        <test-method status="SKIP" signature="testRequiresRole()" name="testRequiresRole" duration-ms="0" started-at="2013-05-31T15:44:27Z" finished-at="2013-05-31T15:44:27Z">
        </test-method>
        <test-method status="SKIP" signature="testUserComponentNotLoggedIn()" name="testUserComponentNotLoggedIn" duration-ms="0" started-at="2013-05-31T15:44:27Z" finished-at="2013-05-31T15:44:27Z">
        </test-method>
        <test-method status="SKIP" signature="testRequiresUserDeny()" name="testRequiresUserDeny" duration-ms="0" started-at="2013-05-31T15:44:27Z" finished-at="2013-05-31T15:44:27Z">
        </test-method>
        <test-method status="SKIP" signature="testUserFilterDeny()" name="testUserFilterDeny" duration-ms="0" started-at="2013-05-31T15:44:27Z" finished-at="2013-05-31T15:44:27Z">
        </test-method>
        <test-method status="SKIP" signature="testUserFilterWithAjaxDeny()" name="testUserFilterWithAjaxDeny" duration-ms="0" started-at="2013-05-31T15:44:27Z" finished-at="2013-05-31T15:44:27Z">
        </test-method>
        <test-method status="SKIP" signature="testLoginClick()" name="testLoginClick" duration-ms="1" depends-on-groups="notLoggedIn" started-at="2013-05-31T15:44:27Z" finished-at="2013-05-31T15:44:27Z">
        </test-method>
        <test-method status="SKIP" signature="testLogin()" name="testLogin" duration-ms="4" started-at="2013-05-31T15:44:27Z" depends-on-methods="de.webtech2.croaking.TapestrySecurityIntegrationTest.testLoginClick" finished-at="2013-05-31T15:44:27Z">
        </test-method>
        <test-method status="SKIP" signature="testAuthcFilterAccess()" name="testAuthcFilterAccess" duration-ms="3" started-at="2013-05-31T15:44:27Z" depends-on-methods="de.webtech2.croaking.TapestrySecurityIntegrationTest.testLogin" finished-at="2013-05-31T15:44:27Z">
        </test-method>
        <test-method status="SKIP" signature="testAuthenticatedComponentLoggedIn()" name="testAuthenticatedComponentLoggedIn" duration-ms="3" started-at="2013-05-31T15:44:27Z" depends-on-methods="de.webtech2.croaking.TapestrySecurityIntegrationTest.testLogin" finished-at="2013-05-31T15:44:27Z">
        </test-method>
        <test-method status="SKIP" signature="testComponentMethodInterceptorRequiresPermissionsILACSuccess()" name="testComponentMethodInterceptorRequiresPermissionsILACSuccess" duration-ms="3" started-at="2013-05-31T15:44:27Z" depends-on-methods="de.webtech2.croaking.TapestrySecurityIntegrationTest.testLogin" finished-at="2013-05-31T15:44:27Z">
        </test-method>
        <test-method status="SKIP" signature="testComponentMethodInterceptorRequiresPermissionsILACUnauthorized()" name="testComponentMethodInterceptorRequiresPermissionsILACUnauthorized" duration-ms="3" started-at="2013-05-31T15:44:27Z" depends-on-methods="de.webtech2.croaking.TapestrySecurityIntegrationTest.testLogin" finished-at="2013-05-31T15:44:27Z">
        </test-method>
        <test-method status="SKIP" signature="testContributedFilterChainDefinition()" name="testContributedFilterChainDefinition" duration-ms="2" started-at="2013-05-31T15:44:27Z" depends-on-methods="de.webtech2.croaking.TapestrySecurityIntegrationTest.testLogin" finished-at="2013-05-31T15:44:27Z">
        </test-method>
        <test-method status="SKIP" signature="testGuestComponentLoggedIn()" name="testGuestComponentLoggedIn" duration-ms="1" started-at="2013-05-31T15:44:27Z" depends-on-methods="de.webtech2.croaking.TapestrySecurityIntegrationTest.testLogin" finished-at="2013-05-31T15:44:27Z">
        </test-method>
        <test-method status="SKIP" signature="testHasAllPermissionsComponentFailed()" name="testHasAllPermissionsComponentFailed" duration-ms="1" started-at="2013-05-31T15:44:27Z" depends-on-methods="de.webtech2.croaking.TapestrySecurityIntegrationTest.testLogin" finished-at="2013-05-31T15:44:27Z">
        </test-method>
        <test-method status="SKIP" signature="testHasAllPermissionsComponentSuccess()" name="testHasAllPermissionsComponentSuccess" duration-ms="1" started-at="2013-05-31T15:44:27Z" depends-on-methods="de.webtech2.croaking.TapestrySecurityIntegrationTest.testLogin" finished-at="2013-05-31T15:44:27Z">
        </test-method>
        <test-method status="SKIP" signature="testHasAllRolesComponentFailed()" name="testHasAllRolesComponentFailed" duration-ms="1" started-at="2013-05-31T15:44:27Z" depends-on-methods="de.webtech2.croaking.TapestrySecurityIntegrationTest.testLogin" finished-at="2013-05-31T15:44:27Z">
        </test-method>
        <test-method status="SKIP" signature="testHasAllRolesComponentFailedAlternateDivisor()" name="testHasAllRolesComponentFailedAlternateDivisor" duration-ms="2" started-at="2013-05-31T15:44:27Z" depends-on-methods="de.webtech2.croaking.TapestrySecurityIntegrationTest.testLogin" finished-at="2013-05-31T15:44:27Z">
        </test-method>
        <test-method status="SKIP" signature="testHasAllRolesComponentSuccess()" name="testHasAllRolesComponentSuccess" duration-ms="1" started-at="2013-05-31T15:44:27Z" depends-on-methods="de.webtech2.croaking.TapestrySecurityIntegrationTest.testLogin" finished-at="2013-05-31T15:44:27Z">
        </test-method>
        <test-method status="SKIP" signature="testHasAllRolesComponentSuccessAlternateDivisor()" name="testHasAllRolesComponentSuccessAlternateDivisor" duration-ms="1" started-at="2013-05-31T15:44:27Z" depends-on-methods="de.webtech2.croaking.TapestrySecurityIntegrationTest.testLogin" finished-at="2013-05-31T15:44:27Z">
        </test-method>
        <test-method status="SKIP" signature="testHasAnyPermissionsComponentFailed()" name="testHasAnyPermissionsComponentFailed" duration-ms="1" started-at="2013-05-31T15:44:27Z" depends-on-methods="de.webtech2.croaking.TapestrySecurityIntegrationTest.testLogin" finished-at="2013-05-31T15:44:27Z">
        </test-method>
        <test-method status="SKIP" signature="testHasAnyPermissionsComponentSuccess()" name="testHasAnyPermissionsComponentSuccess" duration-ms="2" started-at="2013-05-31T15:44:27Z" depends-on-methods="de.webtech2.croaking.TapestrySecurityIntegrationTest.testLogin" finished-at="2013-05-31T15:44:27Z">
        </test-method>
        <test-method status="SKIP" signature="testHasAnyRoleComponentFailedAlternateDivisor()" name="testHasAnyRoleComponentFailedAlternateDivisor" duration-ms="2" started-at="2013-05-31T15:44:27Z" depends-on-methods="de.webtech2.croaking.TapestrySecurityIntegrationTest.testLogin" finished-at="2013-05-31T15:44:27Z">
        </test-method>
        <test-method status="SKIP" signature="testHasAnyRolesComponentFailed()" name="testHasAnyRolesComponentFailed" duration-ms="1" started-at="2013-05-31T15:44:27Z" depends-on-methods="de.webtech2.croaking.TapestrySecurityIntegrationTest.testLogin" finished-at="2013-05-31T15:44:27Z">
        </test-method>
        <test-method status="SKIP" signature="testHasAnyRolesComponentSuccess()" name="testHasAnyRolesComponentSuccess" duration-ms="1" started-at="2013-05-31T15:44:27Z" depends-on-methods="de.webtech2.croaking.TapestrySecurityIntegrationTest.testLogin" finished-at="2013-05-31T15:44:27Z">
        </test-method>
        <test-method status="SKIP" signature="testHasAnyRolesComponentSuccessAlternateDivisor()" name="testHasAnyRolesComponentSuccessAlternateDivisor" duration-ms="2" started-at="2013-05-31T15:44:27Z" depends-on-methods="de.webtech2.croaking.TapestrySecurityIntegrationTest.testLogin" finished-at="2013-05-31T15:44:27Z">
        </test-method>
        <test-method status="SKIP" signature="testHasPermissionComponentFailed()" name="testHasPermissionComponentFailed" duration-ms="2" started-at="2013-05-31T15:44:27Z" depends-on-methods="de.webtech2.croaking.TapestrySecurityIntegrationTest.testLogin" finished-at="2013-05-31T15:44:27Z">
        </test-method>
        <test-method status="SKIP" signature="testHasPermissionComponentSuccess()" name="testHasPermissionComponentSuccess" duration-ms="1" started-at="2013-05-31T15:44:27Z" depends-on-methods="de.webtech2.croaking.TapestrySecurityIntegrationTest.testLogin" finished-at="2013-05-31T15:44:27Z">
        </test-method>
        <test-method status="SKIP" signature="testHasRoleComponentFailed()" name="testHasRoleComponentFailed" duration-ms="1" started-at="2013-05-31T15:44:27Z" depends-on-methods="de.webtech2.croaking.TapestrySecurityIntegrationTest.testLogin" finished-at="2013-05-31T15:44:27Z">
        </test-method>
        <test-method status="SKIP" signature="testHasRoleComponentSuccess()" name="testHasRoleComponentSuccess" duration-ms="2" started-at="2013-05-31T15:44:27Z" depends-on-methods="de.webtech2.croaking.TapestrySecurityIntegrationTest.testLogin" finished-at="2013-05-31T15:44:27Z">
        </test-method>
        <test-method status="SKIP" signature="testIfGrantedAllPermissionsComponentFailed()" name="testIfGrantedAllPermissionsComponentFailed" duration-ms="2" started-at="2013-05-31T15:44:27Z" depends-on-methods="de.webtech2.croaking.TapestrySecurityIntegrationTest.testLogin" finished-at="2013-05-31T15:44:27Z">
        </test-method>
        <test-method status="SKIP" signature="testIfGrantedAllPermissionsComponentSuccess()" name="testIfGrantedAllPermissionsComponentSuccess" duration-ms="1" started-at="2013-05-31T15:44:27Z" depends-on-methods="de.webtech2.croaking.TapestrySecurityIntegrationTest.testLogin" finished-at="2013-05-31T15:44:27Z">
        </test-method>
        <test-method status="SKIP" signature="testIfGrantedAllRolesComponentFailed()" name="testIfGrantedAllRolesComponentFailed" duration-ms="1" started-at="2013-05-31T15:44:27Z" depends-on-methods="de.webtech2.croaking.TapestrySecurityIntegrationTest.testLogin" finished-at="2013-05-31T15:44:27Z">
        </test-method>
        <test-method status="SKIP" signature="testIfGrantedAllRolesComponentFailedAlternateDivisor()" name="testIfGrantedAllRolesComponentFailedAlternateDivisor" duration-ms="1" started-at="2013-05-31T15:44:27Z" depends-on-methods="de.webtech2.croaking.TapestrySecurityIntegrationTest.testLogin" finished-at="2013-05-31T15:44:27Z">
        </test-method>
        <test-method status="SKIP" signature="testIfGrantedAllRolesComponentSuccess()" name="testIfGrantedAllRolesComponentSuccess" duration-ms="1" started-at="2013-05-31T15:44:27Z" depends-on-methods="de.webtech2.croaking.TapestrySecurityIntegrationTest.testLogin" finished-at="2013-05-31T15:44:27Z">
        </test-method>
        <test-method status="SKIP" signature="testIfGrantedAllRolesComponentSuccessAlternateDivisor()" name="testIfGrantedAllRolesComponentSuccessAlternateDivisor" duration-ms="1" started-at="2013-05-31T15:44:27Z" depends-on-methods="de.webtech2.croaking.TapestrySecurityIntegrationTest.testLogin" finished-at="2013-05-31T15:44:27Z">
        </test-method>
        <test-method status="SKIP" signature="testIfGrantedAnyPermissionsComponentFailed()" name="testIfGrantedAnyPermissionsComponentFailed" duration-ms="1" started-at="2013-05-31T15:44:27Z" depends-on-methods="de.webtech2.croaking.TapestrySecurityIntegrationTest.testLogin" finished-at="2013-05-31T15:44:27Z">
        </test-method>
        <test-method status="SKIP" signature="testIfGrantedAnyPermissionsComponentSuccess()" name="testIfGrantedAnyPermissionsComponentSuccess" duration-ms="1" started-at="2013-05-31T15:44:27Z" depends-on-methods="de.webtech2.croaking.TapestrySecurityIntegrationTest.testLogin" finished-at="2013-05-31T15:44:27Z">
        </test-method>
        <test-method status="SKIP" signature="testIfGrantedAnyRoleComponentFailedAlternateDivisor()" name="testIfGrantedAnyRoleComponentFailedAlternateDivisor" duration-ms="1" started-at="2013-05-31T15:44:27Z" depends-on-methods="de.webtech2.croaking.TapestrySecurityIntegrationTest.testLogin" finished-at="2013-05-31T15:44:27Z">
        </test-method>
        <test-method status="SKIP" signature="testIfGrantedAnyRolesComponentFailed()" name="testIfGrantedAnyRolesComponentFailed" duration-ms="1" started-at="2013-05-31T15:44:27Z" depends-on-methods="de.webtech2.croaking.TapestrySecurityIntegrationTest.testLogin" finished-at="2013-05-31T15:44:27Z">
        </test-method>
        <test-method status="SKIP" signature="testIfGrantedAnyRolesComponentSuccess()" name="testIfGrantedAnyRolesComponentSuccess" duration-ms="1" started-at="2013-05-31T15:44:27Z" depends-on-methods="de.webtech2.croaking.TapestrySecurityIntegrationTest.testLogin" finished-at="2013-05-31T15:44:27Z">
        </test-method>
        <test-method status="SKIP" signature="testIfGrantedAnyRolesComponentSuccessAlternateDivisor()" name="testIfGrantedAnyRolesComponentSuccessAlternateDivisor" duration-ms="1" started-at="2013-05-31T15:44:27Z" depends-on-methods="de.webtech2.croaking.TapestrySecurityIntegrationTest.testLogin" finished-at="2013-05-31T15:44:27Z">
        </test-method>
        <test-method status="SKIP" signature="testInterceptComponentClassAccess()" name="testInterceptComponentClassAccess" duration-ms="1" started-at="2013-05-31T15:44:27Z" depends-on-methods="de.webtech2.croaking.TapestrySecurityIntegrationTest.testLogin" finished-at="2013-05-31T15:44:27Z">
        </test-method>
        <test-method status="SKIP" signature="testInterceptComponentMethodAccess()" name="testInterceptComponentMethodAccess" duration-ms="0" started-at="2013-05-31T15:44:27Z" depends-on-methods="de.webtech2.croaking.TapestrySecurityIntegrationTest.testLogin" finished-at="2013-05-31T15:44:27Z">
        </test-method>
        <test-method status="SKIP" signature="testInterceptServiceMethodAccess()" name="testInterceptServiceMethodAccess" duration-ms="1" started-at="2013-05-31T15:44:27Z" depends-on-methods="de.webtech2.croaking.TapestrySecurityIntegrationTest.testLogin" finished-at="2013-05-31T15:44:27Z">
        </test-method>
        <test-method status="SKIP" signature="testInterceptServiceClassAccess()" name="testInterceptServiceClassAccess" duration-ms="0" started-at="2013-05-31T15:44:27Z" depends-on-methods="de.webtech2.croaking.TapestrySecurityIntegrationTest.testLogin" finished-at="2013-05-31T15:44:27Z">
        </test-method>
        <test-method status="SKIP" signature="testNotAuthenticatedComponentLoggedIn()" name="testNotAuthenticatedComponentLoggedIn" duration-ms="1" started-at="2013-05-31T15:44:27Z" depends-on-methods="de.webtech2.croaking.TapestrySecurityIntegrationTest.testLogin" finished-at="2013-05-31T15:44:27Z">
        </test-method>
        <test-method status="SKIP" signature="testPermsFilterAccess()" name="testPermsFilterAccess" duration-ms="1" started-at="2013-05-31T15:44:27Z" depends-on-methods="de.webtech2.croaking.TapestrySecurityIntegrationTest.testLogin" finished-at="2013-05-31T15:44:27Z">
        </test-method>
        <test-method status="SKIP" signature="testPermsFilterDeny()" name="testPermsFilterDeny" duration-ms="1" started-at="2013-05-31T15:44:27Z" depends-on-methods="de.webtech2.croaking.TapestrySecurityIntegrationTest.testLogin" finished-at="2013-05-31T15:44:27Z">
        </test-method>
        <test-method status="SKIP" signature="testPermsRequiresPermissionsILACEditOnPageClass()" name="testPermsRequiresPermissionsILACEditOnPageClass" duration-ms="2" started-at="2013-05-31T15:44:27Z" depends-on-methods="de.webtech2.croaking.TapestrySecurityIntegrationTest.testLogin" finished-at="2013-05-31T15:44:27Z">
        </test-method>
        <test-method status="SKIP" signature="testPermsRequiresPermissionsILACViewOnPageClass()" name="testPermsRequiresPermissionsILACViewOnPageClass" duration-ms="0" started-at="2013-05-31T15:44:27Z" depends-on-methods="de.webtech2.croaking.TapestrySecurityIntegrationTest.testLogin" finished-at="2013-05-31T15:44:27Z">
        </test-method>
        <test-method status="SKIP" signature="testRequiresAuthenticationAccess()" name="testRequiresAuthenticationAccess" duration-ms="0" started-at="2013-05-31T15:44:27Z" depends-on-methods="de.webtech2.croaking.TapestrySecurityIntegrationTest.testLogin" finished-at="2013-05-31T15:44:27Z">
        </test-method>
        <test-method status="SKIP" signature="testRequiresGuestDeny()" name="testRequiresGuestDeny" duration-ms="1" started-at="2013-05-31T15:44:27Z" depends-on-methods="de.webtech2.croaking.TapestrySecurityIntegrationTest.testLogin" finished-at="2013-05-31T15:44:27Z">
        </test-method>
        <test-method status="SKIP" signature="testRequiresPermissionAccess()" name="testRequiresPermissionAccess" duration-ms="1" started-at="2013-05-31T15:44:27Z" depends-on-methods="de.webtech2.croaking.TapestrySecurityIntegrationTest.testLogin" finished-at="2013-05-31T15:44:27Z">
        </test-method>
        <test-method status="SKIP" signature="testRequiresPermissionDeny()" name="testRequiresPermissionDeny" duration-ms="1" started-at="2013-05-31T15:44:27Z" depends-on-methods="de.webtech2.croaking.TapestrySecurityIntegrationTest.testLogin" finished-at="2013-05-31T15:44:27Z">
        </test-method>
        <test-method status="SKIP" signature="testRequiresPermissionILACSuccessWithArgument()" name="testRequiresPermissionILACSuccessWithArgument" duration-ms="1" started-at="2013-05-31T15:44:27Z" depends-on-methods="de.webtech2.croaking.TapestrySecurityIntegrationTest.testLogin" finished-at="2013-05-31T15:44:27Z">
        </test-method>
        <test-method status="SKIP" signature="testRequiresPermissionILACSuccessWithoutArguments()" name="testRequiresPermissionILACSuccessWithoutArguments" duration-ms="1" started-at="2013-05-31T15:44:27Z" depends-on-methods="de.webtech2.croaking.TapestrySecurityIntegrationTest.testLogin" finished-at="2013-05-31T15:44:27Z">
        </test-method>
        <test-method status="SKIP" signature="testRequiresPermissionILACUnauthorizedWithArgument()" name="testRequiresPermissionILACUnauthorizedWithArgument" duration-ms="2" started-at="2013-05-31T15:44:27Z" depends-on-methods="de.webtech2.croaking.TapestrySecurityIntegrationTest.testLogin" finished-at="2013-05-31T15:44:27Z">
        </test-method>
        <test-method status="SKIP" signature="testRequiresRoleAccess()" name="testRequiresRoleAccess" duration-ms="1" started-at="2013-05-31T15:44:27Z" depends-on-methods="de.webtech2.croaking.TapestrySecurityIntegrationTest.testLogin" finished-at="2013-05-31T15:44:27Z">
        </test-method>
        <test-method status="SKIP" signature="testRequiresRoleDeny()" name="testRequiresRoleDeny" duration-ms="2" started-at="2013-05-31T15:44:27Z" depends-on-methods="de.webtech2.croaking.TapestrySecurityIntegrationTest.testLogin" finished-at="2013-05-31T15:44:27Z">
        </test-method>
        <test-method status="SKIP" signature="testRequiresUserAccess()" name="testRequiresUserAccess" duration-ms="1" started-at="2013-05-31T15:44:27Z" depends-on-methods="de.webtech2.croaking.TapestrySecurityIntegrationTest.testLogin" finished-at="2013-05-31T15:44:27Z">
        </test-method>
        <test-method status="SKIP" signature="testRolesFilterAccess()" name="testRolesFilterAccess" duration-ms="2" started-at="2013-05-31T15:44:27Z" depends-on-methods="de.webtech2.croaking.TapestrySecurityIntegrationTest.testLogin" finished-at="2013-05-31T15:44:27Z">
        </test-method>
        <test-method status="SKIP" signature="testRolesFilterDeny()" name="testRolesFilterDeny" duration-ms="1" started-at="2013-05-31T15:44:27Z" depends-on-methods="de.webtech2.croaking.TapestrySecurityIntegrationTest.testLogin" finished-at="2013-05-31T15:44:27Z">
        </test-method>
        <test-method status="SKIP" signature="testServletDecoration()" name="testServletDecoration" duration-ms="1" started-at="2013-05-31T15:44:27Z" depends-on-methods="de.webtech2.croaking.TapestrySecurityIntegrationTest.testLogin" finished-at="2013-05-31T15:44:27Z">
        </test-method>
        <test-method status="SKIP" signature="testUserComponentLoggedIn()" name="testUserComponentLoggedIn" duration-ms="1" started-at="2013-05-31T15:44:27Z" depends-on-methods="de.webtech2.croaking.TapestrySecurityIntegrationTest.testLogin" finished-at="2013-05-31T15:44:27Z">
        </test-method>
        <test-method status="SKIP" signature="testUserFilterAccess()" name="testUserFilterAccess" duration-ms="1" started-at="2013-05-31T15:44:27Z" depends-on-methods="de.webtech2.croaking.TapestrySecurityIntegrationTest.testLogin" finished-at="2013-05-31T15:44:27Z">
        </test-method>
        <test-method status="SKIP" signature="testLogout()" name="testLogout" duration-ms="0" depends-on-groups="loggedIn" started-at="2013-05-31T15:44:27Z" finished-at="2013-05-31T15:44:27Z">
        </test-method>
        <test-method status="SKIP" signature="testSaveRequestAnnotationHandler()" name="testSaveRequestAnnotationHandler" duration-ms="1" started-at="2013-05-31T15:44:27Z" depends-on-methods="de.webtech2.croaking.TapestrySecurityIntegrationTest.testLogout" finished-at="2013-05-31T15:44:27Z">
        </test-method>
        <test-method status="SKIP" signature="testPort8180Filter()" name="testPort8180Filter" duration-ms="0" started-at="2013-05-31T15:44:27Z" finished-at="2013-05-31T15:44:27Z">
        </test-method>
      </class>
    </test>
  </suite>
</testng-results>
