<?xml version="1.0" encoding="UTF-8"?>
<testsuite hostname="Asterix" name="de.webtech2.croaking.TapestrySecurityIntegrationTest" tests="87" failures="0" timestamp="31 May 2013 13:44:27 GMT" time="0.187" errors="0">
  <testcase name="@BeforeClass startContainer" time="0.0" classname="de.webtech2.croaking.TapestrySecurityIntegrationTest">
    <failure type="java.lang.RuntimeException" message="Couldn&amp;apos;t find an available port to run the functional test server">
      <![CDATA[java.lang.RuntimeException: Couldn't find an available port to run the functional test server
	at org.tynamo.test.AbstractContainerTest.startContainer(AbstractContainerTest.java:88)
	at org.apache.maven.surefire.testng.TestNGExecutor.run(TestNGExecutor.java:122)
	at org.apache.maven.surefire.testng.TestNGXmlTestSuite.execute(TestNGXmlTestSuite.java:92)
	at org.apache.maven.surefire.testng.TestNGProvider.invoke(TestNGProvider.java:101)
	at org.apache.maven.surefire.util.ReflectionUtils.invokeMethodWithArray(ReflectionUtils.java:164)
	at org.apache.maven.surefire.booter.ProviderFactory$ProviderProxy.invoke(ProviderFactory.java:110)
	at org.apache.maven.surefire.booter.SurefireStarter.invokeProvider(SurefireStarter.java:175)
	at org.apache.maven.surefire.booter.SurefireStarter.runSuitesInProcessWhenForked(SurefireStarter.java:107)
	at org.apache.maven.surefire.booter.ForkedBooter.main(ForkedBooter.java:68)
Caused by: java.net.ConnectException: Verbindungsaufbau abgelehnt
	at java.net.PlainSocketImpl.socketConnect(Native Method)
	at java.net.AbstractPlainSocketImpl.doConnect(AbstractPlainSocketImpl.java:339)
	at java.net.AbstractPlainSocketImpl.connectToAddress(AbstractPlainSocketImpl.java:200)
	at java.net.AbstractPlainSocketImpl.connect(AbstractPlainSocketImpl.java:182)
	at java.net.SocksSocketImpl.connect(SocksSocketImpl.java:391)
	at java.net.Socket.connect(Socket.java:579)
	at java.net.Socket.connect(Socket.java:528)
	at java.net.Socket.<init>(Socket.java:425)
	at java.net.Socket.<init>(Socket.java:208)
	at org.tynamo.test.AbstractContainerTest.startContainer(AbstractContainerTest.java:80)
	... 34 more
... Removed 26 stack frames]]>
    </failure>
  </testcase>
  <testcase name="@BeforeClass configureWebClient" time="0.0" classname="de.webtech2.croaking.TapestrySecurityIntegrationTest">
    <skipped/>
  </testcase>
  <testcase name="@BeforeGroups checkLoggedIn" time="0.0" classname="de.webtech2.croaking.TapestrySecurityIntegrationTest">
    <skipped/>
  </testcase>
  <testcase name="testAnonFilterAccess" time="0.001" classname="de.webtech2.croaking.TapestrySecurityIntegrationTest">
    <skipped/>
  </testcase>
  <testcase name="testAuthcFilterDeny" time="0.0" classname="de.webtech2.croaking.TapestrySecurityIntegrationTest">
    <skipped/>
  </testcase>
  <testcase name="testAuthenticatedComponentNotLoggedIn" time="0.0" classname="de.webtech2.croaking.TapestrySecurityIntegrationTest">
    <skipped/>
  </testcase>
  <testcase name="testContributedFilterChainDefinitionNotLoggedIn" time="0.0" classname="de.webtech2.croaking.TapestrySecurityIntegrationTest">
    <skipped/>
  </testcase>
  <testcase name="testGuestComponentNotLoggedIn" time="0.0" classname="de.webtech2.croaking.TapestrySecurityIntegrationTest">
    <skipped/>
  </testcase>
  <testcase name="testInterceptComponentClassDeny" time="0.0" classname="de.webtech2.croaking.TapestrySecurityIntegrationTest">
    <skipped/>
  </testcase>
  <testcase name="testInterceptComponentMethodDeny" time="0.0" classname="de.webtech2.croaking.TapestrySecurityIntegrationTest">
    <skipped/>
  </testcase>
  <testcase name="testInterceptComponentMethodWithAjaxDeny" time="0.001" classname="de.webtech2.croaking.TapestrySecurityIntegrationTest">
    <skipped/>
  </testcase>
  <testcase name="testInterceptServiceClassDeny" time="0.0" classname="de.webtech2.croaking.TapestrySecurityIntegrationTest">
    <skipped/>
  </testcase>
  <testcase name="testInterceptServiceMethodDeny" time="0.0" classname="de.webtech2.croaking.TapestrySecurityIntegrationTest">
    <skipped/>
  </testcase>
  <testcase name="testLocalizedUserFilterDeny" time="0.0" classname="de.webtech2.croaking.TapestrySecurityIntegrationTest">
    <skipped/>
  </testcase>
  <testcase name="testNoContextPathHandling" time="0.0" classname="de.webtech2.croaking.TapestrySecurityIntegrationTest">
    <skipped/>
  </testcase>
  <testcase name="testNotAuthenticatedComponentNotLoggedIn" time="0.0" classname="de.webtech2.croaking.TapestrySecurityIntegrationTest">
    <skipped/>
  </testcase>
  <testcase name="testNotFoundRule" time="0.0" classname="de.webtech2.croaking.TapestrySecurityIntegrationTest">
    <skipped/>
  </testcase>
  <testcase name="testRequiresAuthenticationDeny" time="0.001" classname="de.webtech2.croaking.TapestrySecurityIntegrationTest">
    <skipped/>
  </testcase>
  <testcase name="testRequiresGuestAccess" time="0.0" classname="de.webtech2.croaking.TapestrySecurityIntegrationTest">
    <skipped/>
  </testcase>
  <testcase name="testRequiresRole" time="0.0" classname="de.webtech2.croaking.TapestrySecurityIntegrationTest">
    <skipped/>
  </testcase>
  <testcase name="testRequiresUserDeny" time="0.0" classname="de.webtech2.croaking.TapestrySecurityIntegrationTest">
    <skipped/>
  </testcase>
  <testcase name="testUserComponentNotLoggedIn" time="0.0" classname="de.webtech2.croaking.TapestrySecurityIntegrationTest">
    <skipped/>
  </testcase>
  <testcase name="testUserFilterDeny" time="0.0" classname="de.webtech2.croaking.TapestrySecurityIntegrationTest">
    <skipped/>
  </testcase>
  <testcase name="testUserFilterWithAjaxDeny" time="0.0" classname="de.webtech2.croaking.TapestrySecurityIntegrationTest">
    <skipped/>
  </testcase>
  <testcase name="testLoginClick" time="0.001" classname="de.webtech2.croaking.TapestrySecurityIntegrationTest">
    <skipped/>
  </testcase>
  <testcase name="testLogin" time="0.004" classname="de.webtech2.croaking.TapestrySecurityIntegrationTest">
    <skipped/>
  </testcase>
  <testcase name="testAuthcFilterAccess" time="0.003" classname="de.webtech2.croaking.TapestrySecurityIntegrationTest">
    <skipped/>
  </testcase>
  <testcase name="testAuthenticatedComponentLoggedIn" time="0.003" classname="de.webtech2.croaking.TapestrySecurityIntegrationTest">
    <skipped/>
  </testcase>
  <testcase name="testComponentMethodInterceptorRequiresPermissionsILACSuccess" time="0.003" classname="de.webtech2.croaking.TapestrySecurityIntegrationTest">
    <skipped/>
  </testcase>
  <testcase name="testComponentMethodInterceptorRequiresPermissionsILACUnauthorized" time="0.003" classname="de.webtech2.croaking.TapestrySecurityIntegrationTest">
    <skipped/>
  </testcase>
  <testcase name="testContributedFilterChainDefinition" time="0.002" classname="de.webtech2.croaking.TapestrySecurityIntegrationTest">
    <skipped/>
  </testcase>
  <testcase name="testGuestComponentLoggedIn" time="0.001" classname="de.webtech2.croaking.TapestrySecurityIntegrationTest">
    <skipped/>
  </testcase>
  <testcase name="testHasAllPermissionsComponentFailed" time="0.001" classname="de.webtech2.croaking.TapestrySecurityIntegrationTest">
    <skipped/>
  </testcase>
  <testcase name="testHasAllPermissionsComponentSuccess" time="0.001" classname="de.webtech2.croaking.TapestrySecurityIntegrationTest">
    <skipped/>
  </testcase>
  <testcase name="testHasAllRolesComponentFailed" time="0.001" classname="de.webtech2.croaking.TapestrySecurityIntegrationTest">
    <skipped/>
  </testcase>
  <testcase name="testHasAllRolesComponentFailedAlternateDivisor" time="0.002" classname="de.webtech2.croaking.TapestrySecurityIntegrationTest">
    <skipped/>
  </testcase>
  <testcase name="testHasAllRolesComponentSuccess" time="0.001" classname="de.webtech2.croaking.TapestrySecurityIntegrationTest">
    <skipped/>
  </testcase>
  <testcase name="testHasAllRolesComponentSuccessAlternateDivisor" time="0.001" classname="de.webtech2.croaking.TapestrySecurityIntegrationTest">
    <skipped/>
  </testcase>
  <testcase name="testHasAnyPermissionsComponentFailed" time="0.001" classname="de.webtech2.croaking.TapestrySecurityIntegrationTest">
    <skipped/>
  </testcase>
  <testcase name="testHasAnyPermissionsComponentSuccess" time="0.002" classname="de.webtech2.croaking.TapestrySecurityIntegrationTest">
    <skipped/>
  </testcase>
  <testcase name="testHasAnyRoleComponentFailedAlternateDivisor" time="0.002" classname="de.webtech2.croaking.TapestrySecurityIntegrationTest">
    <skipped/>
  </testcase>
  <testcase name="testHasAnyRolesComponentFailed" time="0.001" classname="de.webtech2.croaking.TapestrySecurityIntegrationTest">
    <skipped/>
  </testcase>
  <testcase name="testHasAnyRolesComponentSuccess" time="0.001" classname="de.webtech2.croaking.TapestrySecurityIntegrationTest">
    <skipped/>
  </testcase>
  <testcase name="testHasAnyRolesComponentSuccessAlternateDivisor" time="0.002" classname="de.webtech2.croaking.TapestrySecurityIntegrationTest">
    <skipped/>
  </testcase>
  <testcase name="testHasPermissionComponentFailed" time="0.002" classname="de.webtech2.croaking.TapestrySecurityIntegrationTest">
    <skipped/>
  </testcase>
  <testcase name="testHasPermissionComponentSuccess" time="0.001" classname="de.webtech2.croaking.TapestrySecurityIntegrationTest">
    <skipped/>
  </testcase>
  <testcase name="testHasRoleComponentFailed" time="0.001" classname="de.webtech2.croaking.TapestrySecurityIntegrationTest">
    <skipped/>
  </testcase>
  <testcase name="testHasRoleComponentSuccess" time="0.002" classname="de.webtech2.croaking.TapestrySecurityIntegrationTest">
    <skipped/>
  </testcase>
  <testcase name="testIfGrantedAllPermissionsComponentFailed" time="0.002" classname="de.webtech2.croaking.TapestrySecurityIntegrationTest">
    <skipped/>
  </testcase>
  <testcase name="testIfGrantedAllPermissionsComponentSuccess" time="0.001" classname="de.webtech2.croaking.TapestrySecurityIntegrationTest">
    <skipped/>
  </testcase>
  <testcase name="testIfGrantedAllRolesComponentFailed" time="0.001" classname="de.webtech2.croaking.TapestrySecurityIntegrationTest">
    <skipped/>
  </testcase>
  <testcase name="testIfGrantedAllRolesComponentFailedAlternateDivisor" time="0.001" classname="de.webtech2.croaking.TapestrySecurityIntegrationTest">
    <skipped/>
  </testcase>
  <testcase name="testIfGrantedAllRolesComponentSuccess" time="0.001" classname="de.webtech2.croaking.TapestrySecurityIntegrationTest">
    <skipped/>
  </testcase>
  <testcase name="testIfGrantedAllRolesComponentSuccessAlternateDivisor" time="0.001" classname="de.webtech2.croaking.TapestrySecurityIntegrationTest">
    <skipped/>
  </testcase>
  <testcase name="testIfGrantedAnyPermissionsComponentFailed" time="0.001" classname="de.webtech2.croaking.TapestrySecurityIntegrationTest">
    <skipped/>
  </testcase>
  <testcase name="testIfGrantedAnyPermissionsComponentSuccess" time="0.001" classname="de.webtech2.croaking.TapestrySecurityIntegrationTest">
    <skipped/>
  </testcase>
  <testcase name="testIfGrantedAnyRoleComponentFailedAlternateDivisor" time="0.001" classname="de.webtech2.croaking.TapestrySecurityIntegrationTest">
    <skipped/>
  </testcase>
  <testcase name="testIfGrantedAnyRolesComponentFailed" time="0.001" classname="de.webtech2.croaking.TapestrySecurityIntegrationTest">
    <skipped/>
  </testcase>
  <testcase name="testIfGrantedAnyRolesComponentSuccess" time="0.001" classname="de.webtech2.croaking.TapestrySecurityIntegrationTest">
    <skipped/>
  </testcase>
  <testcase name="testIfGrantedAnyRolesComponentSuccessAlternateDivisor" time="0.001" classname="de.webtech2.croaking.TapestrySecurityIntegrationTest">
    <skipped/>
  </testcase>
  <testcase name="testInterceptComponentClassAccess" time="0.001" classname="de.webtech2.croaking.TapestrySecurityIntegrationTest">
    <skipped/>
  </testcase>
  <testcase name="testInterceptComponentMethodAccess" time="0.0" classname="de.webtech2.croaking.TapestrySecurityIntegrationTest">
    <skipped/>
  </testcase>
  <testcase name="testInterceptServiceClassAccess" time="0.0" classname="de.webtech2.croaking.TapestrySecurityIntegrationTest">
    <skipped/>
  </testcase>
  <testcase name="testInterceptServiceMethodAccess" time="0.001" classname="de.webtech2.croaking.TapestrySecurityIntegrationTest">
    <skipped/>
  </testcase>
  <testcase name="testNotAuthenticatedComponentLoggedIn" time="0.001" classname="de.webtech2.croaking.TapestrySecurityIntegrationTest">
    <skipped/>
  </testcase>
  <testcase name="testPermsFilterAccess" time="0.001" classname="de.webtech2.croaking.TapestrySecurityIntegrationTest">
    <skipped/>
  </testcase>
  <testcase name="testPermsFilterDeny" time="0.001" classname="de.webtech2.croaking.TapestrySecurityIntegrationTest">
    <skipped/>
  </testcase>
  <testcase name="testPermsRequiresPermissionsILACEditOnPageClass" time="0.002" classname="de.webtech2.croaking.TapestrySecurityIntegrationTest">
    <skipped/>
  </testcase>
  <testcase name="testPermsRequiresPermissionsILACViewOnPageClass" time="0.0" classname="de.webtech2.croaking.TapestrySecurityIntegrationTest">
    <skipped/>
  </testcase>
  <testcase name="testRequiresAuthenticationAccess" time="0.0" classname="de.webtech2.croaking.TapestrySecurityIntegrationTest">
    <skipped/>
  </testcase>
  <testcase name="testRequiresGuestDeny" time="0.001" classname="de.webtech2.croaking.TapestrySecurityIntegrationTest">
    <skipped/>
  </testcase>
  <testcase name="testRequiresPermissionAccess" time="0.001" classname="de.webtech2.croaking.TapestrySecurityIntegrationTest">
    <skipped/>
  </testcase>
  <testcase name="testRequiresPermissionDeny" time="0.001" classname="de.webtech2.croaking.TapestrySecurityIntegrationTest">
    <skipped/>
  </testcase>
  <testcase name="testRequiresPermissionILACSuccessWithArgument" time="0.001" classname="de.webtech2.croaking.TapestrySecurityIntegrationTest">
    <skipped/>
  </testcase>
  <testcase name="testRequiresPermissionILACSuccessWithoutArguments" time="0.001" classname="de.webtech2.croaking.TapestrySecurityIntegrationTest">
    <skipped/>
  </testcase>
  <testcase name="testRequiresPermissionILACUnauthorizedWithArgument" time="0.002" classname="de.webtech2.croaking.TapestrySecurityIntegrationTest">
    <skipped/>
  </testcase>
  <testcase name="testRequiresRoleAccess" time="0.001" classname="de.webtech2.croaking.TapestrySecurityIntegrationTest">
    <skipped/>
  </testcase>
  <testcase name="testRequiresRoleDeny" time="0.002" classname="de.webtech2.croaking.TapestrySecurityIntegrationTest">
    <skipped/>
  </testcase>
  <testcase name="testRequiresUserAccess" time="0.001" classname="de.webtech2.croaking.TapestrySecurityIntegrationTest">
    <skipped/>
  </testcase>
  <testcase name="testRolesFilterAccess" time="0.002" classname="de.webtech2.croaking.TapestrySecurityIntegrationTest">
    <skipped/>
  </testcase>
  <testcase name="testRolesFilterDeny" time="0.001" classname="de.webtech2.croaking.TapestrySecurityIntegrationTest">
    <skipped/>
  </testcase>
  <testcase name="testServletDecoration" time="0.001" classname="de.webtech2.croaking.TapestrySecurityIntegrationTest">
    <skipped/>
  </testcase>
  <testcase name="testUserComponentLoggedIn" time="0.001" classname="de.webtech2.croaking.TapestrySecurityIntegrationTest">
    <skipped/>
  </testcase>
  <testcase name="testUserFilterAccess" time="0.001" classname="de.webtech2.croaking.TapestrySecurityIntegrationTest">
    <skipped/>
  </testcase>
  <testcase name="testLogout" time="0.0" classname="de.webtech2.croaking.TapestrySecurityIntegrationTest">
    <skipped/>
  </testcase>
  <testcase name="testSaveRequestAnnotationHandler" time="0.001" classname="de.webtech2.croaking.TapestrySecurityIntegrationTest">
    <skipped/>
  </testcase>
  <testcase name="testPort8180Filter" time="0.0" classname="de.webtech2.croaking.TapestrySecurityIntegrationTest">
    <skipped/>
  </testcase>
  <testcase name="builderAddSameFilterWithoutAnyConfig" time="0.008" classname="de.webtech2.croaking.SecurityFilterChainUnitTest"/>
  <testcase name="builderAddSameFilterWithDifferentConfig" time="0.002" classname="de.webtech2.croaking.SecurityFilterChainUnitTest"/>
  <testcase name="builderAddSameFilterFirstWithoutConfig" time="0.0" classname="de.webtech2.croaking.SecurityFilterChainUnitTest"/>
</testsuite>
